<?xml version="1.0" encoding="UTF-8"?>
<!-- Generated by org.testng.reporters.JUnitReportReporter -->
<testsuite hostname="DESKTOP-JNSGUR0" failures="0" tests="1" name="qapractice.mavenselenium.SeleniumTest" time="0.015" errors="0" timestamp="2021-12-15T08:42:31 IST" skipped="0">
  <testcase classname="qapractice.mavenselenium.SeleniumTest" name="BrowserTest" time="0.015"/>
  <system-out/>
</testsuite> <!-- qapractice.mavenselenium.SeleniumTest -->
