<?xml version="1.0" encoding="UTF-8"?>
<!-- Generated by org.testng.reporters.JUnitReportReporter -->
<testsuite hostname="DESKTOP-JNSGUR0" failures="0" tests="2" name="qapractice.mavenselenium.AppiumTest" time="0.011" errors="0" timestamp="2021-12-15T10:16:41 IST" skipped="0">
  <testcase classname="qapractice.mavenselenium.AppiumTest" name="NativeAppAndroid" time="0.000"/>
  <system-out/>
  <testcase classname="qapractice.mavenselenium.AppiumTest" name="IOSTest" time="0.011"/>
  <system-out/>
</testsuite> <!-- qapractice.mavenselenium.AppiumTest -->
