<?xml version="1.0" encoding="UTF-8"?>
<!-- Generated by org.testng.reporters.JUnitReportReporter -->
<testsuite hostname="DESKTOP-JNSGUR0" failures="0" tests="2" name="qapractice.mavenselenium.RESTAPITest" time="0.001" errors="0" timestamp="2021-12-15T10:16:41 IST" skipped="0">
  <testcase classname="qapractice.mavenselenium.RESTAPITest" name="PostJira" time="0.001"/>
  <system-out/>
  <testcase classname="qapractice.mavenselenium.RESTAPITest" name="deleteTwitter" time="0.000"/>
  <system-out/>
</testsuite> <!-- qapractice.mavenselenium.RESTAPITest -->
